<?xml version="1.0" encoding="UTF-8"?>
<!-- Generated by org.testng.reporters.JUnitXMLReporter -->
<testsuite ignored="0" hostname="KARNA" failures="0" tests="6" name="Test" time="32.909" errors="0" timestamp="02 Mar 2024 06:28:30 GMT">
  <testcase classname="com.crm.qa.testcases.HomePageTest" name="verifyHomePageTitleTest" time="0.133"/>
  <testcase classname="com.crm.qa.testcases.AddToCartTest" name="verifyItemsAddTOCart" time="0.216"/>
  <testcase classname="com.crm.qa.testcases.LoginPageTest" name="loginPageTitleTest" time="0.011"/>
  <testcase classname="com.crm.qa.testcases.HomePageTest" name="verifyHomePage" time="0.16"/>
  <testcase classname="com.crm.qa.testcases.LoginPageTest" name="crmLogoImageTest" time="1.021"/>
  <testcase classname="com.crm.qa.testcases.LoginPageTest" name="loginTest" time="0.397"/>
</testsuite> <!-- Test -->
